<?xml version="1.0" encoding="UTF-8" ?>
<testsuite tests="4" failures="0" name="it.polimi.ingsw.model.modelSupport.BoardCardTest" time="0.024" errors="0" skipped="0">
  <properties>
[...]
</properties>
  <testcase classname="it.polimi.ingsw.model.modelSupport.BoardCardTest" name="testGetColor" time="0.024"/>
  <testcase classname="it.polimi.ingsw.model.modelSupport.BoardCardTest" name="testSetOrnament" time="0"/>
  <testcase classname="it.polimi.ingsw.model.modelSupport.BoardCardTest" name="testGetOrnament" time="0"/>
  <testcase classname="it.polimi.ingsw.model.modelSupport.BoardCardTest" name="testSetColor" time="0"/>
</testsuite>